include NetProtocol
include <Rso/Physics/Protocol>

namespace bb
{
	using namespace rso
	using namespace core
	using namespace physics

	enum class ECashItemType
	{
		ResourcesPack
		Max
		Null
	}
	enum class EGoodsItemType
	{
		AvatarColor
		Max
		Null
	}
	enum class ERank : uint8
	{
		Unranked
		Bronze
		Silver
		Gold
		Diamond
		Champion
		Max
	}
	struct SServerConfigMeta
	{
	}
	struct SStructureMove
	{
		list<SRectCollider2D> Colliders
		SPoint BeginPos
		SPoint EndPos
		float Velocity
		float Delay
	}
	struct SConfigMeta
	{
		int32 BattleDurationSec
		int32 BattleOneOnOneDurationSec
		int32 GhostDelaySec
		int32 InvulnerableDurationSec
		int32 BalloonHitPoint
		int32 ParachuteHitPoint
		int32 FirstBalloonHitPoint
		int32 QuestCoolMinutes
		TResource QuestNextCostGold
		int32 ChangeNickFreeCount
		EResource ChangeNickCostType
		TResource ChangeNickCostValue
		EResource TutorialRewardType
		TResource TutorialRewardValue
		TResource MaxTicket
		EResource BattleCostType
		TResource BattleCostValue
	}
	struct SForbiddenWordMeta
	{
		wstring Word
	}
	struct SShopConfigServerMeta
	{
		int32 DailyRewardDurationMinute
		int32 DailyRewardFreeCount
		int32 DailyRewardAdCount
	}
	struct SShopMeta
	{
		int32 Code
		EResource CostType
		TResource CostValue
		int32 RewardCode
	}
	struct SShopPackageServerMeta
	{
		int32 Code
		EResource CostType
		TResource CostValue
		int32 RewardCode
	}
	struct SShopDailyRewardServerMeta
	{
		double Probability
		EResource RewardType
		TResource RewardValue
	}
	struct ExchangeValue
	{
		EResource costResourceType
		double rate
	}
	struct ShopExchangeMeta
	{
		EResource targetResourceType
		ExchangeValue exchangeValue
	}

	struct SCharacterMeta
	{
		int32 Code
		EGrade Grade
		EResource CostType
		TResource CostValue
		EResource RefundType
		TResource RefundValue
		float MaxVelUp
		float MaxVelDown
		float MaxVelXGround
		float MaxVelXAir
		float FlapDeltaVelX
		float FlapDeltaVelUp
		float RunAcc
		float StaminaMax
		float StaminaPerTick
		int32 StaminaRegenDelay
		float PumpSpeed
	}
	struct SCharacterServerMeta : SCharacterMeta
	{
		bool Default
	}
	struct SCharacterGradeMeta
	{
		EGrade Grade
	}
	typedef vector<SPoint> TPoses
	struct SMultiMap
	{
		wstring PrefabName
		TPoses Poses
		SPoint PropPosition
		list<SBoxCollider2D> Structures
		list<SStructureMove> StructureMoves
	}
	struct SPrefabNameCollider
	{
		wstring PrefabName
		SRectCollider2D Collider
	}

	struct SArrowDodgeMap
	{
		wstring PrefabName
		SPoint PropPosition
		list<SBoxCollider2D> Structures
	}
	struct SArrowDodgeMapInfo
	{
		vector<SArrowDodgeMap> Maps
		SPrefabNameCollider Arrow
		SPrefabNameCollider Coin
		SPrefabNameCollider GoldBar
		SPrefabNameCollider Shield
		SPrefabNameCollider Stamina
	}

	struct SFlyAwayMap
	{
		wstring PrefabName
		SPoint PropPosition
		list<SBoxCollider2D> Structures
	}
	struct SFlyAwayMapInfo
	{
		vector<SFlyAwayMap> Maps
		vector<SPrefabNameCollider> Lands
		SPrefabNameCollider Coin
		SPrefabNameCollider GoldBar
		SPrefabNameCollider Apple
		SPrefabNameCollider Meat
		SPrefabNameCollider Chicken
	}

	struct SMapMeta
	{
		vector<SMultiMap> OneOnOneMaps
		SArrowDodgeMapInfo ArrowDodgeMapInfo
		SFlyAwayMapInfo FlyAwayMapInfo
	}
	struct SGachaMeta
	{
		EResource CostResource
		int32 CostValue
		EResource TenCostResource
		int32 TenCostValue
		int32 RewardCode
	}
	struct SGachaGradeMeta
	{
		EGrade Grade
		double Probability
	}
	struct SGachaRewardMeta
	{
		int32 Code
		double Probability
		int32 CharCode
	}
	struct SRewardItemMeta
	{
		wstring Type
		int32 Data
	}
	struct SCodeRewardItemMeta
	{
		int32 Code
		SRewardItemMeta RewardItem
	}

	struct SRankMeta
	{
		ERank Rank
	}
	struct SRankTierMeta
	{
		ERank Rank
		int32 Tier
		int32 MaxPoint
	}
	struct SRankRewardMeta
	{
		int32 Point
		int32 RewardCode
	}
	struct SQuestMeta
	{
		EQuestType QuestType
		int32 Code
		int32 unitCompleteCount
		int32 completeCount
		int32 RewardCode
	}
	struct SQuestDailyCompleteMeta
	{
		int32 RequirementCount
		int32 RewardCode
		int32 RefreshMinutes
	}

	struct SBattleRewardMeta
	{
		SBattleType BattleType
		int32 AddGold
		int32 Unranked
		int32 Bronze
		int32 Silver
		int32 Gold
		int32 Diamond
		int32 Champion
	}

	struct SMultiMeta
	{
		int32 DisconnectableSeconds
		int32 PunishMinutesForDisconnect
	}
	struct SMultiMatchDeniedDurationMeta
	{
		int32 DisconnectedCount
		int32 DeniedSeconds
	}
	struct SArrowDodgeMeta
	{
		int32 ArrowDodgePoint
		int32 ArrowGetPoint
		int64 ItemDurationTick
		int64 ItemRegenPeriodTick
		int32 PlayCountMax
		TResource ChargeCostGold
		int32 RefreshDurationMinute
	}
	struct SArrowDodgeItemMeta
	{
		EArrowDodgeItemType ItemType
		uint32 CreateWeight
		int32 AddedPoint
		TResource AddedGold
	}

	struct SFlyAwayMeta
	{
		int32 PlayCountMax
		TResource ChargeCostGold
		int32 RefreshDurationMinute
	}
	struct SFlyAwayItemMeta
	{
		EFlyAwayItemType ItemType
		uint32 StaminaCreateWeight
		int32 AddedPoint
		TResource AddedGold
		float AddedStamina
	}

	struct SCouponMeta
	{
		int32 Code
		int32 StartYear
		int32 StartMonth
		int32 StartDay
		int32 StartHour
		int32 EndYear
		int32 EndMonth
		int32 EndDay
		int32 EndHour
		int32 RewardCode
	}
	struct SCouponKeyMeta
	{
		wstring Key
		int32 Code
	}

	struct SRankingConfigMeta
	{
		int32 PeriodMinutes
		wstring BaseTime
	}
	struct SRankingRewardMeta
	{
		wstring Mode
		int32 End
		int32 RewardCode
	}
}
