include <Rso/Game/Protocol>
include <Rso/Physics/Protocol>
include <Rso/GameUtil/Protocol>

namespace bb
{
	using namespace rso
	using namespace net
	using namespace game
	using namespace physics
	using namespace gameutil

	typedef int64 TIndex
	typedef int32 TLevel
	typedef int32 THP
	typedef int8 TSlotNo
	typedef int32 TExp
	typedef int32 TRank
	typedef int8 TTeamCnt
	typedef uint8 TQuestSlotIndex

	const TVer c_Ver_Main 38

	const int32 c_FPS 60
	const int64 c_NetworkTickSync 500000
	const int64 c_NetworkTickBuffer c_NetworkTickSync+500000
	const float c_ContactOffset 0.0001f
	const float c_LandXDragPerFrame 1.0f/c_FPS

	const float c_MaxVelDeadY 1.13784f
	const float c_Gravity -0.6465f
	const float c_MaxVelParachuteX 0.682704f
	const float c_MaxVelParachuteY 0.28446f
	const float c_GravityParachuteRatio 0.5f
	const float c_GravityDeadRatio 2.0f
	const float c_ParachuteAccX 0.6465f
	const float c_DieUpVel 0.7f
	const float c_AirResistance 1.0f
	const float c_GroundResistance 0.1f

	const float c_PlayerWidth 0.1258713f
	const float c_PlayerHeight 0.150337f
	const float c_PlayerOffsetY c_PlayerHeight*0.5f
	const float c_BalloonWidth 0.2f
	const float c_BalloonHeight 0.27f
	const float c_BalloonOffsetY 0.5f
	const float c_BalloonLocalScale 0.5f
	const float c_ParachuteWidth 0.45f
	const float c_ParachuteHeight 0.25f
	const float c_ParachuteOffsetY 0.37f
	const float c_ParachuteLocalScale 0.5f
	const float c_OnePumpDuration 0.4f

	const int32 c_MaxPlayer 6
	const float c_GhostSpeed 3.0f
	const float c_GameHeight 3.5f
	const int8 c_BalloonCountForRegen 2
	const int8 c_BalloonCountForPump 1
	const int8 c_PumpCountForBalloon 6
	const int64 c_BattleStartDelayMilliSec 2000
	const int64 c_ChainKillDelayTickCount 50000000
	const int64 c_RegenDelayTickCount 20000000

	const int32 c_QuestCnt_Max 5

	enum class EProtoNetCs
	{
		Chat
		FCMTokenSet
		FCMTokenUnset
		FCMCanPushAtNight
		ChangeLanguage
		Buy
		BuyChar
		BuyPackage
		Purchase
		DailyReward
		SelectChar
		IslandStart
		IslandEnd

		BattleTouch
		BattlePush

		MultiBattleJoin
		MultiBattleOut
		MultiBattleIcon

		ArrowDodgeBattleJoin
		ArrowDodgeBattleEnd

		Gacha
		GachaX10
		RankReward
		QuestReward
		QuestNext
		QuestDailyCompleteReward
		ChangeNick
		CouponUse
		TutorialReward
		RankingRewardInfo
		RankingReward
		Max
		Null
	}
	enum class EProtoNetSc
	{
		Ret
		Msg
		Login
		Lobby
		Chat
		UserExp
		Resources
		SetPoint
		SetChar
		UnsetChar
		Buy
		BuyChar
		BuyPackage
		Purchase
		DailyReward
		DailyRewardFail
		IslandStart
		IslandEnd

		BattleSync
		BattleTouch
		BattlePush

		MultiBattleJoin
		MultiBattleOut
		MultiBattleBegin
		MultiBattleMatching
		MultiBattleStart
		MultiBattleEnd
		MultiBattleIcon
		MultiBattleLink
		MultiBattleUnLink

		ArrowDodgeBattleJoin
		ArrowDodgeBattleBegin
		ArrowDodgeBattleStart
		ArrowDodgeBattleEnd

		Gacha
		GachaX10
		GachaFailed
		QuestGot
		QuestDone
		QuestReward
		QuestNext
		QuestDailyCompleteReward
		ChangeNick
		ChangeNickFail
		CouponUse
		CouponUseFail
		RankingRewardInfo
		RankingReward
		RankingRewardFail
		Max
	}

	enum class ERet
	{
		Ok
		InvalidTime
		UserDoesNotExist
		SameCanNotPushAtNight
		SameCode
		InvalidProtocol
		InvalidLanguage
		InvalidShopID
		InvalidGoodsID
		InvalidCharCode
		ReceiptCheckFail
		SPError

		NotBattleJoining
		AlreadyBattleJoining
		AlreadyInBattle
		AlreadyHave
		InvalidBattleType
		MatchInsertFail
		BattleBeginFail
		NotEnoughMoney
		NoMoreNewCharacter
		NickLengthUnderMin
		NickLengthOverMax
		CouponAlreadyUsed
		CouponInvalid

		RankingServerOffLine
		RankingNoReward
		RankingRewarded
		RankingRewardFail

		Max
		Null
	}
	enum class ELanguage : uint8
	{
		English
		Korean
		France
		Germany
		Spain
		Italia
		ChinaCH
		ChinaTW
		Japan
		Portugal
		Russia
		Nederland
		Turkey
		Finland
		Malaysia
		Thailand
		Indonesia
		Vietnam
		India
		Max
	}
	enum class EGrade : uint8
	{
		Normal
		Rare
		Epic
		Unique
		Max
	}

	enum class ERankingType
	{
		Multi
		Single
		Island
		Max
		Null
	}

	struct SUserLoginOption
	{
		EOS OS
	}
	struct SUserCreateOption
	{
		SUserLoginOption LoginOption
		ELanguage Language
	}
	enum class EResource
	{
		Ticket
		Gold
		Dia
		CP
		DiaPaid
		Max
		Null
	}

	typedef int32 TResource
	typedef array<TResource,5> TResources

	enum class ERewardType : uint8
	{
		Resource_Ticket
		Resource_Gold
		Resource_Dia
		Resource_CP
		Character
		Max
	}
	enum class EQuestType
	{
		TeamPlay
		TeamVictory
		SurvivalPlay
		SurvivalVictory
		IngameConsecutiveKill
		IngameBalloonPopping
		IngameKill
		IngameBestPlayer
		GachaRuby
		BlowBalloon
		PlayNormal
		PlayRare
		PlayEpic
		PlaySingle
		SingleTime
		SinglePlayGoldGet
		SinglePlayScoreGet
		PlayIsland
		IslandCount
		IslandGoldGet
		IslandScoreGet
		SurvivalPlayRanking
		RankPointGet
		SoloPlay
		SoloVictory
		Survival3PPlay
		Survival3PVictory
		MultiSinglePlay
		MultiIslandPlay
		Max
		Null=-1
	}

	struct SQuestSlotIndexCount
	{
		TQuestSlotIndex SlotIndex
		int32 Count
	}
	typedef list<SQuestSlotIndexCount> TDoneQuests

	struct SRetNetSc
	{
		ERet Ret
	}
	struct SMsgNetSc
	{
		wstring Msg
	}
	struct SResourceTypeData
	{
		EResource Type
		TResource Data
	}
	struct SUserCore
	{
		TResources Resources
		int8 Debug
		int32 SelectedCharCode
		int32 SinglePlayCount
		time_point SingleRefreshTime
		int32 IslandPlayCount
		time_point IslandRefreshTime
		time_point QuestDailyCompleteRefreshTime
		int32 ChangeNickFreeCount
		time_point DailyRewardExpiredTime
		int32 DailyRewardCountLeft
	}
	struct SUserBase : SUserCore
	{
		TExp Exp
		bool CanPushAtNight
		int32 Point
		int32 PointBest
		int32 LastGotRewardRankIndex
		int32 WinCountSolo
		int32 LoseCountSolo
		int32 WinCountSurvival
		int32 LoseCountSurvival
		int32 WinCountMulti
		int32 LoseCountMulti
		int32 BattlePointBest
		int32 SinglePointBest
		int32 IslandPointBest
		int64 SingleBestTick
		int32 IslandPassedCountBest
		int32 KillTotal
		int32 ChainKillTotal
		int32 BlowBalloonTotal
		int32 QuestDailyCompleteCount
		bool TutorialReward
		bool IslandStarted
		int64 RankingRewardedCounter
		TNick NewNick
	}
	struct SUserNet : SUserBase
	{
		wstring CountryCode
	}

	typedef set<int32> TChars

	struct SQuestBase
	{
		int32 Code
		int32 Count
		time_point CoolEndTime
	}
	typedef map<TQuestSlotIndex,SQuestBase> TQuestDBs

	typedef set<int32> TPackages
	struct SLoginNetSc
	{
		SUserNet User
		TChars Chars
		time_point ServerTime
		TQuestDBs Quests
		TPackages Packages
	}
	struct SLobbyNetSc
	{
	}
	struct SUserExpNetSc
	{
		TExp Exp
	}
	struct SResourcesNetSc
	{
		TResources Resources
	}
	struct SSetPointNetSc
	{
		int32 Point
	}
	struct SSetCharNetSc
	{
		list<int32> CharCodes
	}
	struct SUnsetCharNetSc
	{
		list<int32> CharCodes
	}

	struct SChatNetCs
	{
		wstring Msg
	}
	struct SChatNetSc
	{
		wstring Msg
	}

	struct SFCMTokenSetNetCs
	{
		wstring Token
	}
	struct SFCMTokenUnsetNetCs
	{
	}
	struct SFCMCanPushAtNightNetCs
	{
		bool CanPush
	}
	struct SChangeLanguageNetCs
	{
		ELanguage Language
	}
	struct SBuyNetCs
	{
		int32 Code
	}
	struct SBuyNetSc
	{
		int32 Code
	}
	struct SBuyCharNetCs
	{
		int32 Code
	}
	struct SBuyCharNetSc
	{
		int32 Code
	}
	struct SBuyPackageNetCs
	{
		int32 Code
	}
	struct SBuyPackageNetSc
	{
		int32 Code
	}

	struct SPurchaseNetCs
	{
		wstring ProductID
		wstring PurchaseToken
	}
	struct SPurchaseNetSc
	{
		wstring ProductID
		TResource DiaPaidAdded
	}
	struct SDailyRewardNetCs
	{
		bool IsWatchedAd
	}
	struct SDailyRewardNetSc
	{
		SResourceTypeData Reward
		time_point ExpiredTime
		int32 CountLeft

	}
	struct SDailyRewardFailNetSc
	{
	}

	struct SSelectCharNetCs
	{
		int32 Code
	}

	struct SIslandStartNetCs
	{
	}
	struct SIslandStartNetSc
	{
		TResource GoldCost
		int32 PlayCount
		time_point RefreshTime
		TDoneQuests DoneQuests
	}
	struct SIslandEndNetCs
	{
		int32 PassedIslandCount
		TResource Gold
		TResource GoldAdded
		TResource DiaAdded
	}
	struct SIslandEndNetSc
	{
		TDoneQuests DoneQuests
	}

	struct SBattleType
	{
		TTeamCnt TeamCount
		int8 TeamMemberCount
	}

	struct SBattleSyncNetSc
	{
		int64 Tick
	}
	struct SBattleTouchNetCs
	{
		int8 Dir
	}
	struct SBattleTouchNetSc
	{
		int64 Tick
		int32 PlayerIndex
		int8 Dir
	}
	struct SBattlePushNetCs
	{
	}
	struct SBattlePushNetSc
	{
		int64 Tick
		int32 PlayerIndex
	}

	struct SMultiBattleJoinNetCs
	{
		SBattleType BattleType
	}
	struct SMultiBattleJoinNetSc
	{
	}
	struct SMultiBattleOutNetCs
	{
	}
	struct SMultiBattleOutNetSc
	{
	}
	struct SPumpInfo
	{
		int8 Count
		int8 CountTo
		float Scale
	}
	struct SParachuteInfo
	{
		float Scale
		float Velocity
	}
	struct SStaminaInfo
	{
		int64 LastUsedTick
		float Stamina
	}
	struct SBattlePlayer
	{
		TUID UID
		u16string Nick
		wstring CountryCode
		TTeamCnt TeamIndex
		int32 CharCode
	}
	struct SCharacter
	{
		bool IsGround
		int8 Dir
		int8 BalloonCount
		SPumpInfo PumpInfo
		SParachuteInfo ParachuteInfo
		SStaminaInfo StaminaInfo
		int8 Face
		SPoint Acc
		int64 InvulnerableEndTick
		int32 ChainKillCount
		int64 LastKillTick
		int64 RegenTick
	}
	struct SCharacterNet : SCharacter
	{
		SPoint Pos
		SPoint Vel
	}
	struct SBattle
	{
		SBattleType BattleType
		int32 MapIndex
	}
	struct SBattleRecord
	{
		int32 TotalKillCount
		int32 TotalBalloonHitCount
	}
	struct SMultiBattleInfo
	{
		int32 Point
	}
	struct SMultiBattleBeginNetSc : SBattle
	{
		vector<SBattlePlayer> Players
		vector<SMultiBattleInfo> BattleInfos
		SBattleRecord Record
		vector<SCharacterNet> Characters
		time_point EndTime
		int64 Tick
		vector<SStructMovePosition> StructMovePositions
	}
	struct SMultiBattleMatchingNetSc
	{
		int32 UserCount
	}
	struct SMultiBattleStartNetSc
	{
		time_point EndTime
	}
	struct SBattleEndPlayer
	{
		int32 AddedPoint
		int32 AddedGold
		int32 BattlePoint
	}
	struct SMultiBattleEndNetSc
	{
		vector<SBattleEndPlayer> BattleEndPlayers
		TDoneQuests DoneQuests
	}
	struct SMultiBattleIconNetCs
	{
		int32 Code
	}
	struct SMultiBattleIconNetSc
	{
		int32 PlayerIndex
		int32 Code
	}
	struct SMultiBattleLinkNetSc
	{
		int64 Tick
		int32 PlayerIndex
	}
	struct SMultiBattleUnLinkNetSc
	{
		int64 Tick
		int32 PlayerIndex
	}

	struct SArrowDodgeBattleJoinNetCs
	{
	}
	struct SArrowDodgeBattleJoinNetSc
	{
		TResource GoldCost
		int32 PlayCount
		time_point RefreshTime
		TDoneQuests DoneQuests
	}
	struct SArrow
	{
		STransform Transform
		SPoint Velocity
	}
	struct SItem
	{
		STransform Transform
		int32 ItemNumber
	}
	struct SArrowDodgeBattleInfo
	{
		int32 Point
		int64 Tick
		TResource Gold
	}
	struct SArrowDodgeBattleBuf
	{
		bool Enabled
		int64 EndTick
	}
	struct SArrowDodgeBattleBufs
	{
		SArrowDodgeBattleBuf Shield
		SArrowDodgeBattleBuf Stamina
	}
	struct SArrowDodgeBattleBeginNetSc
	{
		SBattlePlayer Player
		SArrowDodgeBattleInfo BattleInfo
		SArrowDodgeBattleBufs Bufs
		SCharacterNet Character
		int64 Tick
		uint64 RandomSeed
		int64 NextDownArrowTick
		int64 NextLeftArrowTick
		int64 NextRightArrowTick
		int64 NextItemTick
		vector<SArrow> Arrows
		vector<SItem> Items
		bool Started
	}
	struct SArrowDodgeBattleStartNetSc
	{
	}
	struct SArrowDodgeBattleEndNetCs
	{
	}
	struct SArrowDodgeBattleEndNetSc
	{
		int64 Tick
		TResources ResourcesLeft
		TDoneQuests DoneQuests
	}
	struct SRankingUser
	{
		TUID UID
		u16string Nick
		int32 CharCode
		wstring CountryCode
		int32 Point
	}

	typedef list<SRankingUser> TRankingUsers

	struct SRanking
	{
		TRankingUsers RankingUsers
		TRankingUsers RankingUserSingles
		TRankingUsers RankingUserIslands
	}
	struct SRankingUserPointMin
	{
		int32 UserPointMin
		int32 UserPointMinSingle
		int32 UserPointMinIsland
	}

	enum class EProtoRankingNetCs
	{
		RequestRanking
		Max
	}
	enum class EProtoRankingNetSc
	{
		RequestRanking
		Max
	}

	struct SGachaNetCs
	{
		int32 GachaIndex
	}
	struct SGachaX10NetCs
	{
		int32 GachaIndex
	}
	struct SGachaNetSc
	{
		TResources Cost
		int32 Index
		int32 CharCode
	}
	struct SGachaX10NetSc
	{
		TResources Cost
		int32 Index
		list<int32> CharCodeList
		TResources Refund
	}
	struct SGachaFailedNetSc : SGachaNetSc
	{
		TResources Refund
	}
	struct SRankRewardNetCs
	{
	}
	struct SQuestSlotIndexCode
	{
		TQuestSlotIndex SlotIndex
		int32 Code
	}
	typedef list<SQuestSlotIndexCode> TQuestSlotIndexCodes
	struct SQuestGotNetSc
	{
		TQuestSlotIndexCodes Quests
	}
	struct SQuestDoneNetSc
	{
		TQuestSlotIndex SlotIndex
		int32 Count
	}
	struct SQuestRewardNetCs
	{
		TQuestSlotIndex SlotIndex
	}
	struct SQuestRewardNetSc
	{
		TQuestSlotIndex SlotIndex
		time_point CoolEndTime
		int32 DailyCompleteCount
		time_point DailyCompleteRefreshTime
	}
	struct SQuestNextNetCs
	{
		TQuestSlotIndex SlotIndex
	}
	struct SQuestNextNetSc
	{
		TQuestSlotIndex SlotIndex
		int32 NewCode
	}
	struct SQuestDailyCompleteRewardNetCs
	{
		bool WatchAd
	}
	struct SQuestDailyCompleteRewardNetSc
	{
		bool WatchAd
		time_point RefreshTime
	}

	struct SChangeNickNetCs
	{
		u16string Nick
	}
	struct SChangeNickNetSc
	{
		u16string Nick
	}
	struct SChangeNickFailNetSc
	{
		EGameRet GameRet
		wstring ForbiddenWord
	}

	struct SNickPoint
	{
		int32 Point
	}
	struct SCheckIDNetSc
	{
		list<SNickPoint> Datas
	}

	struct SCouponUseNetCs
	{
		wstring Key
	}
	struct SRewardDB
	{
		TUID UID
		TResources ResourcesLeft
		list<int32> CharsAdded
	}
	struct SCouponUseNetSc : SRewardDB
	{
	}
	struct SCouponUseFailNetSc
	{
		ERet Ret
	}

	struct STutorialRewardNetCs
	{
	}

	typedef map<TUID,int32> TRankingRewards
	struct SRankingRewardInfoNetCs
	{
	}
	struct SRankingRewardInfoNetSc
	{
		int64 Counter
		int32 Ranking
		int32 RankingSingle
		int32 RankingIsland
	}
	struct SRankingRewardNetCs
	{
	}
	struct SRankingRewardNetSc
	{
		int64 Counter
		int32 RewardCode
		int32 RewardCodeSingle
		int32 RewardCodeIsland
	}
	struct SRankingRewardFailNetSc
	{
		ERet Ret
	}
}
