include MetaProtocol

namespace bb
{
	enum class EProtoNetSs
	{
		Message
		Max
		Null
	}
	enum class EProtoRankingNetSr
	{
		UpdateMulti
		UpdateSingle
		UpdateIsland
	}
	enum class EProtoRankingNetRs
	{
		RankingInfo
		UserPointMin
	}

	struct SRankingUpdateMultiNetSr
	{
		TRankingUsers UsersChanged
	}
	struct SRankingUpdateSingleNetSr
	{
		SRankingUser UserSingle
	}
	struct SRankingUpdateIslandNetSr
	{
		SRankingUser UserIsland
	}

	struct SRankingRankingInfoNetRs
	{
		int64 Counter
		TRankingPointArray UserPointMinArray
		TRankingRewardsArray RewardsArray
	}
}
