include <Rso/Net/Protocol>

namespace rso
{
	namespace balance_rr
	{
		using namespace net

		enum class EProto
		{
			SaServerOn
			AcServerToConnect
			ScAllocated

			AsUserProto
			SaUserProto
			ScUserProto
			CsUserProto

			Max
			Null
		}

		struct SSaServerOn
		{
			SNamePort ClientBindNamePortPub
		}
		struct SSaClientCnt
		{
			int32 ClientCnt
		}
		struct SAcServerToConnect
		{
			SNamePort ClientBindNamePortPub
		}
		struct SScAllocated
		{
		}

		struct SServer : SSaServerOn
		{
		}
	}
}
